Information: Updating design information... (UID-85)
 
****************************************
Report : timing
        -path full
        -delay max
        -nets
        -max_paths 1
        -transition_time
Design : top
Version: S-2021.06-SP4
Date   : Tue Jun 30 15:17:29 2026
****************************************

Operating Conditions: ss0p7vn40c   Library: saed32rvt_ss0p7vn40c
Wire Load Model Mode: enclosed

  Startpoint: u_datapath_00/o_q_A_reg_6_
              (rising edge-triggered flip-flop clocked by clk)
  Endpoint: u_control_unit_00/state_reg_0_
            (rising edge-triggered flip-flop clocked by clk)
  Path Group: clk
  Path Type: max

  Des/Clust/Port     Wire Load Model       Library
  ------------------------------------------------
  top                ForQA                 saed32rvt_ss0p7vn40c
  datapath           ForQA                 saed32rvt_ss0p7vn40c
  control_unit       ForQA                 saed32rvt_ss0p7vn40c

Attributes:
    d - dont_touch
    u - dont_use
   mo - map_only
   so - size_only
    i - ideal_net or ideal_network
  inf - infeasible path

  Point                                       Fanout     Trans      Incr       Path      Attributes
  ---------------------------------------------------------------------------------------------------------
  clock clk (rise edge)                                             0.00       0.00
  clock network delay (ideal)                                       0.00       0.00
  u_datapath_00/o_q_A_reg_6_/clocked_on (**FFGEN**)       0.00      0.00       0.00 r
  u_datapath_00/o_q_A_reg_6_/Q (**FFGEN**)                0.00      0.00       0.00 f
  u_datapath_00/o_q_A_6_ (net)                  2                   0.00       0.00 f
  u_datapath_00/U10/Y (NOR2X1_RVT)                        0.09      0.37       0.37 r
  u_datapath_00/n6 (net)                        1                   0.00       0.37 r
  u_datapath_00/U11/Y (NAND2X1_RVT)                       0.09      0.33       0.70 f
  u_datapath_00/n11 (net)                       1                   0.00       0.70 f
  u_datapath_00/U15/Y (NOR2X1_RVT)                        0.13      0.46       1.16 r
  u_datapath_00/equal (net)                     2                   0.00       1.16 r
  u_datapath_00/equal (datapath)                                    0.00       1.16 r
  equal (net)                                                       0.00       1.16 r
  u_control_unit_00/equal (control_unit)                            0.00       1.16 r
  u_control_unit_00/equal (net)                                     0.00       1.16 r
  u_control_unit_00/U8/Y (NAND2X1_RVT)                    0.09      0.33       1.49 f
  u_control_unit_00/n4 (net)                    1                   0.00       1.49 f
  u_control_unit_00/U9/Y (NOR2X1_RVT)                     0.10      0.41       1.90 r
  u_control_unit_00/n5 (net)                    1                   0.00       1.90 r
  u_control_unit_00/U10/Y (NOR2X1_RVT)                    0.09      0.28       2.18 f
  u_control_unit_00/n6 (net)                    1                   0.00       2.18 f
  u_control_unit_00/U11/Y (NOR2X1_RVT)                    0.10      0.44       2.62 r
  u_control_unit_00/n7 (net)                    1                   0.00       2.62 r
  u_control_unit_00/U12/Y (NOR2X1_RVT)                    0.09      0.28       2.90 f
  u_control_unit_00/n9 (net)                    1                   0.00       2.90 f
  u_control_unit_00/U14/Y (NAND2X1_RVT)                   0.08      0.33       3.23 r
  u_control_unit_00/n46 (net)                   1                   0.00       3.23 r
  u_control_unit_00/state_reg_0_/next_state (**FFGEN**)     0.08     0.00      3.23 r
  data arrival time                                                            3.23

  clock clk (rise edge)                                            20.00      20.00
  clock network delay (ideal)                                       0.00      20.00
  u_control_unit_00/state_reg_0_/clocked_on (**FFGEN**)             0.00      20.00 r
  library setup time                                                0.00      20.00
  data required time                                                          20.00
  ---------------------------------------------------------------------------------------------------------
  data required time                                                          20.00
  data arrival time                                                           -3.23
  ---------------------------------------------------------------------------------------------------------
  slack (MET)                                                                 16.77


1
